<?xml version="1.0" encoding="UTF-8"?>
<!-- Generated by org.testng.reporters.JUnitReportReporter -->
<testsuite skipped="0" hostname="DESKTOP-2TD3PPC" name="com.My.MyntraScripts.Verify_the_user_is_able_to_get_the_price_of_the_particular_product" tests="1" failures="0" timestamp="2020-04-08T07:35:19 IST" time="47.445" errors="0">
  <testcase name="dem" time="47.445" classname="com.My.MyntraScripts.Verify_the_user_is_able_to_get_the_price_of_the_particular_product"/>
</testsuite> <!-- com.My.MyntraScripts.Verify_the_user_is_able_to_get_the_price_of_the_particular_product -->
