<?xml version="1.0" encoding="UTF-8"?>
<!-- Generated by org.testng.reporters.JUnitReportReporter -->
<testsuite skipped="0" hostname="DESKTOP-2TD3PPC" name="com.My.MyntraScripts.Demo" tests="1" failures="0" timestamp="2020-04-08T23:08:59 IST" time="33.367" errors="0">
  <testcase name="orders" time="33.367" classname="com.My.MyntraScripts.Demo"/>
</testsuite> <!-- com.My.MyntraScripts.Demo -->
