<?xml version="1.0" encoding="UTF-8"?>
<!-- Generated by org.testng.reporters.JUnitReportReporter -->
<testsuite skipped="0" hostname="DESKTOP-2TD3PPC" name="com.My.MyntraScripts.Verify_the_orders_page_without_order_anything" tests="1" failures="0" timestamp="2020-04-09T08:01:09 IST" time="36.921" errors="0">
  <testcase name="orders" time="36.921" classname="com.My.MyntraScripts.Verify_the_orders_page_without_order_anything"/>
</testsuite> <!-- com.My.MyntraScripts.Verify_the_orders_page_without_order_anything -->
