<?xml version="1.0" encoding="UTF-8"?>
<!-- Generated by org.testng.reporters.JUnitReportReporter -->
<testsuite skipped="0" hostname="DESKTOP-2TD3PPC" name="com.My.MyntraScripts.Verify_the_user_is_able_to_get_the_inventory_count_of_the_particular_product" tests="1" failures="0" timestamp="2020-04-09T08:01:09 IST" time="32.997" errors="0">
  <testcase name="dem" time="32.997" classname="com.My.MyntraScripts.Verify_the_user_is_able_to_get_the_inventory_count_of_the_particular_product"/>
</testsuite> <!-- com.My.MyntraScripts.Verify_the_user_is_able_to_get_the_inventory_count_of_the_particular_product -->
