<?xml version="1.0" encoding="UTF-8"?>
<!-- Generated by org.testng.reporters.JUnitReportReporter -->
<testsuite skipped="0" hostname="DESKTOP-2TD3PPC" name="com.My.MyntraScripts.Add_any_product_to_wishlist" tests="1" failures="0" timestamp="2020-04-09T08:01:09 IST" time="42.347" errors="0">
  <testcase name="wishlist" time="42.347" classname="com.My.MyntraScripts.Add_any_product_to_wishlist"/>
</testsuite> <!-- com.My.MyntraScripts.Add_any_product_to_wishlist -->
